The magic happens on port 3000
[0mGET / [32m200 [0m45.897 ms - 7415[0m
[0mGET /events.xml [33m404 [0m9.268 ms - 23[0m
[0mGET /signup [36m304 [0m7.206 ms - -[0m
[0mGET /login [32m200 [0m4.852 ms - 1598[0m
[0mGET /signup [36m304 [0m3.328 ms - -[0m
[0mGET / [36m304 [0m3.776 ms - -[0m
[0mGET /events.xml [33m404 [0m2.329 ms - 23[0m
[0mGET /signup [36m304 [0m3.860 ms - -[0m
[0mGET /login [36m304 [0m4.703 ms - -[0m
[0mGET /signup [36m304 [0m4.087 ms - -[0m
[0mGET /signup [32m200 [0m3.655 ms - 1127[0m
[0mPOST /signup [36m302 [0m384.908 ms - 54[0m
[0mGET /signup [32m200 [0m8.649 ms - 1127[0m
The magic happens on port 3000
[0mGET / [33m404 [0m30.133 ms - 13[0m
[0mGET / [33m404 [0m6.483 ms - 13[0m
[0mGET / [33m404 [0m3.000 ms - 13[0m
[0mGET / [33m404 [0m2.136 ms - 13[0m
[0mGET / [33m404 [0m2.024 ms - 13[0m
[0mGET / [33m404 [0m1.474 ms - 13[0m
The magic happens on port 3000
[0mGET / [32m200 [0m57.157 ms - 7415[0m
[0mGET /events.xml [33m404 [0m9.344 ms - 23[0m
The magic happens on port 3000
[0mGET / [36m304 [0m49.971 ms - -[0m
[0mGET /signup [33m404 [0m10.367 ms - 19[0m
[0mGET / [36m304 [0m7.249 ms - -[0m
[0mGET /events.xml [33m404 [0m2.201 ms - 23[0m
[0mGET /signup [33m404 [0m1.849 ms - 19[0m
The magic happens on port 3000
[0mGET / [36m304 [0m47.225 ms - -[0m
[0mGET /events.xml [33m404 [0m9.363 ms - 23[0m
[0mGET /signup [32m200 [0m6.764 ms - 1127[0m
[0mPOST /signup [33m404 [0m57.216 ms - 20[0m
[0mPOST /signup [33m404 [0m3.883 ms - 20[0m
The magic happens on port 3000
[0mGET / [36m304 [0m52.882 ms - -[0m
[0mGET /events.xml [33m404 [0m9.375 ms - 23[0m
[0mGET /signup [36m304 [0m7.241 ms - -[0m
[0mPOST /signup [36m302 [0m112.506 ms - 56[0m
[0mGET /signup [32m200 [0m4.087 ms - 1201[0m
[0mPOST /signup [36m302 [0m398.975 ms - 52[0m
no current applications
[0mGET /home [32m200 [0m73.073 ms - 69570[0m
record added to userProfile
[0mGET /stylesheets/vendor/foundation.slider.css [33m404 [0m4.436 ms - 53[0m
[0mGET / [36m304 [0m7.448 ms - -[0m
[0mGET /events.xml [33m404 [0m3.299 ms - 23[0m
[0mGET /manager/ [33m404 [0m4.343 ms - 21[0m
[0mGET /manager [33m404 [0m4.123 ms - 20[0m
no current applications
[0mGET /home [32m200 [0m72.439 ms - 69006[0m
[0mGET /stylesheets/vendor/foundation.slider.css [33m404 [0m3.540 ms - 53[0m
no current applications
[0mGET /home [36m304 [0m48.590 ms - -[0m
[0mGET /stylesheets/vendor/foundation.slider.css [33m404 [0m5.292 ms - 53[0m
[0mGET /stylesheets/vendor/foundation.slider.css [33m404 [0m4.006 ms - 53[0m
[0mGET /stylesheets/vendor/bootstrap.min.css.map [33m404 [0m4.725 ms - 53[0m
no current applications
[0mGET /home [36m304 [0m43.709 ms - -[0m
[0mGET /stylesheets/vendor/foundation.slider.css [33m404 [0m3.890 ms - 53[0m
[0mGET /stylesheets/vendor/bootstrap.min.css.map [33m404 [0m2.635 ms - 53[0m
no current applications
[0mGET /home [32m200 [0m42.002 ms - 68927[0m
[0mGET /stylesheets/vendor/bootstrap.min.css.map [33m404 [0m3.490 ms - 53[0m
no current applications
[0mGET /home [32m200 [0m49.582 ms - 68925[0m
[0mGET /stylesheets/vendor/bootstrap.min.css.map [33m404 [0m4.726 ms - 53[0m
no current applications
[0mGET /home [32m200 [0m47.670 ms - 68918[0m
[0mGET /javascripts/vendor/foundation.core.js [33m404 [0m3.309 ms - 50[0m
[0mGET /stylesheets/vendor/bootstrap.min.css.map [33m404 [0m4.460 ms - 53[0m
[0mGET /javascripts/vendor/foundation.slider.js [33m404 [0m2.391 ms - 52[0m
[0mGET /javascripts/vendor/foundation.core.js [33m404 [0m2.479 ms - 50[0m
[0mGET /javascripts/vendor/foundation.slider.js [33m404 [0m2.240 ms - 52[0m
no current applications
[0mGET /home [32m200 [0m39.925 ms - 68790[0m
[0mGET /stylesheets/vendor/bootstrap.min.css.map [33m404 [0m4.932 ms - 53[0m
no current applications
[0mGET /home [32m200 [0m44.476 ms - 68782[0m
[0mGET /stylesheets/vendor/bootstrap.min.css.map [33m404 [0m3.670 ms - 53[0m
[0mGET /events.xml [33m404 [0m2.816 ms - 23[0m
[0mGET / [36m304 [0m8.809 ms - -[0m
[0mGET /stylesheets/vendor/bootstrap.min.css.map [33m404 [0m2.411 ms - 53[0m
[0mGET /events.xml [33m404 [0m2.546 ms - 23[0m
[0mGET /login [32m200 [0m5.564 ms - 1598[0m
The magic happens on port 3000
[0mGET / [32m200 [0m47.300 ms - 7415[0m
[0mGET /stylesheets/vendor/bootstrap.min.css.map [33m404 [0m9.069 ms - 53[0m
[0mGET /events.xml [33m404 [0m3.031 ms - 23[0m
[0mGET /login [32m200 [0m6.362 ms - 1598[0m
[0mGET / [36m304 [0m4.748 ms - -[0m
[0mGET /stylesheets/vendor/bootstrap.min.css.map [33m404 [0m1.603 ms - 53[0m
[0mGET /events.xml [33m404 [0m1.284 ms - 23[0m
[0mGET / [36m304 [0m3.273 ms - -[0m
[0mGET /stylesheets/vendor/bootstrap.min.css.map [33m404 [0m6.185 ms - 53[0m
[0mGET /events.xml [33m404 [0m1.417 ms - 23[0m
[0mGET /signup [32m200 [0m3.153 ms - 1127[0m
[0mGET /stylesheets/vendor/bootstrap.min.css.map [33m404 [0m2.466 ms - 53[0m
[0mGET /login [32m200 [0m4.424 ms - 1597[0m
[0mPOST /login [36m302 [0m390.116 ms - 54[0m
[0mGET /login [32m200 [0m2.413 ms - 1686[0m
The magic happens on port 3000
[0mGET /signup [32m200 [0m46.632 ms - 1127[0m
[0mPOST /signup [36m302 [0m368.227 ms - 52[0m
no current applications
[0mGET /home [32m200 [0m75.737 ms - 69346[0m
record added to userProfile
[0mGET /stylesheets/vendor/bootstrap.min.css.map [33m404 [0m8.849 ms - 53[0m
[0mGET /events.xml [33m404 [0m3.408 ms - 23[0m
alan
[0mGET /newApplicant [32m200 [0m10.846 ms - 9992[0m
[0mGET /stylesheets/vendor/bootstrap.min.css.map [33m404 [0m3.599 ms - 53[0m
[0mGET /stylesheets/vendor/bootstrap.min.css.map [33m404 [0m5.191 ms - 53[0m
alan
[0mGET /newApplicant [36m304 [0m9.475 ms - -[0m
[0mGET /stylesheets/vendor/bootstrap.min.css.map [33m404 [0m4.566 ms - 53[0m
alan
[0mGET /newApplicant [32m200 [0m13.546 ms - 9985[0m
[0mGET /stylesheets/vendor/bootstrap.min.css.map [33m404 [0m3.318 ms - 53[0m
[0mGET /stylesheets/vendor/bootstrap.min.css.map [33m404 [0m3.163 ms - 53[0m
alan
[0mGET /newApplicant [36m304 [0m11.742 ms - -[0m
[0mGET /stylesheets/vendor/bootstrap.min.css.map [33m404 [0m2.557 ms - 53[0m
alan
[0mGET /newApplicant [32m200 [0m11.192 ms - 9984[0m
[0mGET /stylesheets/vendor/bootstrap.min.css.map [33m404 [0m3.094 ms - 53[0m
[0mGET /stylesheets/vendor/bootstrap.min.css.map [33m404 [0m3.888 ms - 53[0m
[0mGET / [36m304 [0m7.222 ms - -[0m
[0mGET / [36m304 [0m6.920 ms - -[0m
[0mGET /stylesheets/vendor/bootstrap.min.css.map [33m404 [0m2.921 ms - 53[0m
[0mGET /events.xml [33m404 [0m2.952 ms - 23[0m
[0mGET / [36m304 [0m4.977 ms - -[0m
[0mGET /stylesheets/vendor/bootstrap.min.css.map [33m404 [0m2.708 ms - 53[0m
[0mGET /events.xml [33m404 [0m5.026 ms - 23[0m
[0mGET /login [32m200 [0m4.446 ms - 1597[0m
[0mPOST /login [36m302 [0m377.534 ms - 52[0m
no current applications
[0mGET /home [32m200 [0m51.395 ms - 68771[0m
[0mGET /stylesheets/vendor/bootstrap.min.css.map [33m404 [0m2.982 ms - 53[0m
[0mGET /events.xml [33m404 [0m2.932 ms - 23[0m
[0mGET /editProfile [32m200 [0m17.864 ms - 10179[0m
[0mGET /stylesheets/vendor/bootstrap.min.css.map [33m404 [0m2.562 ms - 53[0m
[0mGET /stylesheets/vendor/bootstrap.min.css.map [33m404 [0m6.079 ms - 53[0m
[0mGET / [32m200 [0m8.094 ms - 7414[0m
[0mGET / [36m304 [0m5.735 ms - -[0m
[0mGET /stylesheets/vendor/bootstrap.min.css.map [33m404 [0m2.641 ms - 53[0m
[0mGET /events.xml [33m404 [0m4.061 ms - 23[0m
[0mGET / [32m200 [0m5.210 ms - 7413[0m
[0mGET /stylesheets/vendor/bootstrap.min.css.map [33m404 [0m4.472 ms - 53[0m
[0mGET /javascripts/splash_scroll.js [33m404 [0m3.243 ms - 41[0m
[0mGET /events.xml [33m404 [0m2.633 ms - 23[0m
[0mGET / [32m200 [0m7.308 ms - 7412[0m
[0mGET /stylesheets/vendor/bootstrap.min.css.map [33m404 [0m2.862 ms - 53[0m
[0mGET /javascripts/splash_scroll.js [33m404 [0m6.672 ms - 41[0m
[0mGET /javascripts/splash_pull.js [33m404 [0m2.390 ms - 39[0m
[0mGET /events.xml [33m404 [0m2.624 ms - 23[0m
[0mGET / [32m200 [0m12.179 ms - 7409[0m
[0mGET /stylesheets/vendor/bootstrap.min.css.map [33m404 [0m4.619 ms - 53[0m
[0mGET /javascripts/splash_scroll.js [33m404 [0m2.480 ms - 41[0m
[0mGET /javascripts/splash_pull.js [33m404 [0m3.070 ms - 39[0m
[0mGET /javascripts/acadBtnGrp.js [33m404 [0m1.872 ms - 38[0m
[0mGET /events.xml [33m404 [0m2.010 ms - 23[0m
[0mGET / [36m304 [0m6.597 ms - -[0m
[0mGET /stylesheets/vendor/bootstrap.min.css.map [33m404 [0m4.825 ms - 53[0m
[0mGET /javascripts/splash_pull.js [33m404 [0m3.278 ms - 39[0m
[0mGET /javascripts/splash_scroll.js [33m404 [0m4.270 ms - 41[0m
[0mGET /javascripts/acadBtnGrp.js [33m404 [0m2.256 ms - 38[0m
[0mGET /javascripts/splash_scroll.js [33m404 [0m2.458 ms - 41[0m
[0mGET /javascripts/splash_pull.js [33m404 [0m2.199 ms - 39[0m
[0mGET /javascripts/acadBtnGrp.js [33m404 [0m1.989 ms - 38[0m
[0mGET /events.xml [33m404 [0m2.988 ms - 23[0m
[0mGET / [32m200 [0m6.165 ms - 7305[0m
[0mGET /stylesheets/vendor/bootstrap.min.css.map [33m404 [0m4.008 ms - 53[0m
[0mGET /javascripts/acadBtnGrp.js [33m404 [0m5.742 ms - 38[0m
[0mGET /javascripts/acadBtnGrp.js [33m404 [0m2.452 ms - 38[0m
[0mGET /events.xml [33m404 [0m9.627 ms - 23[0m
[0mGET / [32m200 [0m5.583 ms - 7255[0m
[0mGET /stylesheets/vendor/bootstrap.min.css.map [33m404 [0m2.598 ms - 53[0m
[0mGET /events.xml [33m404 [0m2.793 ms - 23[0m
[0mGET / [36m304 [0m6.696 ms - -[0m
[0mGET /stylesheets/vendor/bootstrap.min.css.map [33m404 [0m2.948 ms - 53[0m
[0mGET /events.xml [33m404 [0m4.095 ms - 23[0m
[0mGET /login [32m200 [0m5.928 ms - 1597[0m
[0mPOST /login [36m302 [0m348.966 ms - 52[0m
no current applications
[0mGET /home [36m304 [0m43.674 ms - -[0m
[0mGET /stylesheets/vendor/bootstrap.min.css.map [33m404 [0m2.982 ms - 53[0m
[0mGET /events.xml [33m404 [0m2.564 ms - 23[0m
[0mGET /editProfile [32m200 [0m14.814 ms - 9961[0m
[0mGET /stylesheets/vendor/bootstrap.min.css.map [33m404 [0m2.848 ms - 53[0m
[0mGET /stylesheets/vendor/bootstrap.min.css.map [33m404 [0m2.769 ms - 53[0m
[0mGET /editProfile [36m304 [0m12.353 ms - -[0m
[0mGET /stylesheets/vendor/bootstrap.min.css.map [33m404 [0m2.287 ms - 53[0m
[0mGET /editProfile [36m304 [0m9.832 ms - -[0m
[0mGET /stylesheets/vendor/bootstrap.min.css.map [33m404 [0m2.505 ms - 53[0m
[0mGET /stylesheets/vendor/bootstrap.min.css.map [33m404 [0m4.108 ms - 53[0m
[0mGET /editProfile [32m200 [0m15.789 ms - 9945[0m
[0mGET /stylesheets/vendor/bootstrap.min.css.map [33m404 [0m5.356 ms - 53[0m
[0mGET /stylesheets/vendor/bootstrap.min.css.map [33m404 [0m2.721 ms - 53[0m
[0mGET /editProfile [32m200 [0m19.684 ms - 9947[0m
[0mGET /stylesheets/vendor/bootstrap.min.css.map [33m404 [0m16.065 ms - 53[0m
[0mGET /editUser [33m404 [0m4.138 ms - 21[0m
no current applications
[0mGET /home [36m304 [0m58.384 ms - -[0m
[0mGET /stylesheets/vendor/bootstrap.min.css.map [33m404 [0m3.879 ms - 53[0m
[0mGET /events.xml [33m404 [0m2.511 ms - 23[0m
[0mGET /stylesheets/vendor/bootstrap.min.css.map [33m404 [0m2.724 ms - 53[0m
[0mGET /editProfile [36m304 [0m11.918 ms - -[0m
[0mGET /stylesheets/vendor/bootstrap.min.css.map [33m404 [0m2.611 ms - 53[0m
[0mGET /editProfile [32m200 [0m10.546 ms - 9945[0m
[0mGET /stylesheets/vendor/bootstrap.min.css.map [33m404 [0m11.963 ms - 53[0m
[0mGET /stylesheets/vendor/bootstrap.min.css.map [33m404 [0m3.157 ms - 53[0m
[0mGET /stylesheets/vendor/bootstrap.min.css.map [33m404 [0m3.214 ms - 53[0m
[0mGET /editProfile [32m200 [0m12.664 ms - 9945[0m
[0mGET /stylesheets/vendor/bootstrap.min.css.map [33m404 [0m2.341 ms - 53[0m
[0mGET /stylesheets/vendor/bootstrap.min.css.map [33m404 [0m1.302 ms - 53[0m
[0mGET /editProfile [32m200 [0m10.995 ms - 9948[0m
[0mGET /stylesheets/vendor/bootstrap.min.css.map [33m404 [0m2.860 ms - 53[0m
[0mGET /stylesheets/vendor/bootstrap.min.css.map [33m404 [0m2.920 ms - 53[0m
[0mGET /editProfile [32m200 [0m8.206 ms - 9945[0m
[0mGET /stylesheets/vendor/bootstrap.min.css.map [33m404 [0m10.218 ms - 53[0m
[0mGET /editProfile [36m304 [0m11.452 ms - -[0m
[0mGET /stylesheets/vendor/bootstrap.min.css.map [33m404 [0m2.350 ms - 53[0m
[0mGET /stylesheets/vendor/bootstrap.min.css.map [33m404 [0m3.199 ms - 53[0m
[0mGET /editProfile [32m200 [0m13.944 ms - 9944[0m
[0mGET /stylesheets/vendor/bootstrap.min.css.map [33m404 [0m2.493 ms - 53[0m
[0mPOST /editUser [36m302 [0m19.366 ms - 54[0m
[0mGET /stylesheets/vendor/bootstrap.min.css.map [33m404 [0m2.751 ms - 53[0m
[0mGET /editProfile [36m304 [0m12.418 ms - -[0m
[0mGET /stylesheets/vendor/bootstrap.min.css.map [33m404 [0m2.616 ms - 53[0m
[0mPOST /editUser [36m302 [0m8.736 ms - 54[0m
[0mGET /stylesheets/vendor/bootstrap.min.css.map [33m404 [0m2.879 ms - 53[0m
[0mGET /editProfile [32m200 [0m12.471 ms - 9949[0m
[0mGET /stylesheets/vendor/bootstrap.min.css.map [33m404 [0m2.850 ms - 53[0m
[0mGET /stylesheets/vendor/bootstrap.min.css.map [33m404 [0m2.791 ms - 53[0m
[0mGET /stylesheets/vendor/bootstrap.min.css.map [33m404 [0m3.531 ms - 53[0m
alan
[0mGET /newApplicant [36m304 [0m9.385 ms - -[0m
[0mGET /stylesheets/vendor/bootstrap.min.css.map [33m404 [0m2.433 ms - 53[0m
[0mGET /stylesheets/vendor/bootstrap.min.css.map [33m404 [0m2.460 ms - 53[0m
[0mGET /editProfile [36m304 [0m12.421 ms - -[0m
[0mGET /stylesheets/vendor/bootstrap.min.css.map [33m404 [0m2.748 ms - 53[0m
[0mGET /stylesheets/vendor/bootstrap.min.css.map [33m404 [0m3.813 ms - 53[0m
alan
[0mGET /newApplicant [36m304 [0m8.982 ms - -[0m
[0mGET /stylesheets/vendor/bootstrap.min.css.map [33m404 [0m11.701 ms - 53[0m
[0mGET /stylesheets/vendor/bootstrap.min.css.map [33m404 [0m5.495 ms - 53[0m
alan
[0mGET /newApplicant [32m200 [0m8.541 ms - 9992[0m
[0mGET /stylesheets/vendor/bootstrap.min.css.map [33m404 [0m2.866 ms - 53[0m
[0mGET /stylesheets/vendor/bootstrap.min.css.map [33m404 [0m3.607 ms - 53[0m
[0mGET /stylesheets/vendor/bootstrap.min.css.map [33m404 [0m2.997 ms - 53[0m
alan
[0mGET /newApplicant [36m304 [0m9.390 ms - -[0m
[0mGET /stylesheets/vendor/bootstrap.min.css.map [33m404 [0m2.595 ms - 53[0m
[0mGET /stylesheets/vendor/bootstrap.min.css.map [33m404 [0m3.353 ms - 53[0m
[0mGET /stylesheets/vendor/bootstrap.min.css.map [33m404 [0m2.613 ms - 53[0m
alan
[0mGET /newApplicant [36m304 [0m7.195 ms - -[0m
[0mGET /stylesheets/vendor/bootstrap.min.css.map [33m404 [0m2.254 ms - 53[0m
[0mGET /stylesheets/vendor/bootstrap.min.css.map [33m404 [0m2.507 ms - 53[0m
[0mGET /editProfile [32m200 [0m11.675 ms - 9913[0m
[0mGET /stylesheets/vendor/bootstrap.min.css.map [33m404 [0m2.483 ms - 53[0m
[0mGET /editProfile [32m200 [0m18.023 ms - 9909[0m
[0mGET /stylesheets/vendor/bootstrap.min.css.map [33m404 [0m3.298 ms - 53[0m
[0mGET /stylesheets/vendor/bootstrap.min.css.map [33m404 [0m2.275 ms - 53[0m
[0mGET /stylesheets/vendor/bootstrap.min.css.map [33m404 [0m4.624 ms - 53[0m
[0mGET / [36m304 [0m5.407 ms - -[0m
[0mGET /events.xml [33m404 [0m2.344 ms - 23[0m
[0mGET / [36m304 [0m3.825 ms - -[0m
[0mGET /stylesheets/vendor/bootstrap.min.css.map [33m404 [0m2.031 ms - 53[0m
[0mGET /events.xml [33m404 [0m2.428 ms - 23[0m
[0mGET /signup [32m200 [0m3.954 ms - 1127[0m
[0mPOST /signup [36m302 [0m349.435 ms - 52[0m
no current applications
[0mGET /home [32m200 [0m39.716 ms - 69346[0m
record added to userProfile
[0mGET /stylesheets/vendor/bootstrap.min.css.map [33m404 [0m2.284 ms - 53[0m
[0mGET /events.xml [33m404 [0m2.070 ms - 23[0m
[0mGET /editProfile [32m200 [0m9.978 ms - 9911[0m
[0mGET /stylesheets/vendor/bootstrap.min.css.map [33m404 [0m1.955 ms - 53[0m
[0mPOST /editUser [36m302 [0m15.320 ms - 54[0m
[0mGET /stylesheets/vendor/bootstrap.min.css.map [33m404 [0m2.641 ms - 53[0m
[0mPOST /editUser [36m302 [0m9.371 ms - 54[0m
[0mGET /stylesheets/vendor/bootstrap.min.css.map [33m404 [0m7.729 ms - 53[0m
[0mGET /editProfile [32m200 [0m8.498 ms - 9915[0m
[0mGET /stylesheets/vendor/bootstrap.min.css.map [33m404 [0m2.125 ms - 53[0m
[0mPOST /editUser [36m302 [0m7.084 ms - 54[0m
[0mGET /stylesheets/vendor/bootstrap.min.css.map [33m404 [0m2.686 ms - 53[0m
[0mPOST /editUser [36m302 [0m7.637 ms - 54[0m
[0mGET /stylesheets/vendor/bootstrap.min.css.map [33m404 [0m2.320 ms - 53[0m
[0mPOST /editUser [36m302 [0m7.437 ms - 54[0m
[0mGET /stylesheets/vendor/bootstrap.min.css.map [33m404 [0m2.327 ms - 53[0m
[0mGET /editProfile [36m304 [0m7.944 ms - -[0m
[0mGET /stylesheets/vendor/bootstrap.min.css.map [33m404 [0m2.711 ms - 53[0m
[0mPOST /editUser [36m302 [0m8.146 ms - 54[0m
[0mGET /stylesheets/vendor/bootstrap.min.css.map [33m404 [0m2.287 ms - 53[0m
[0mGET /editProfile [36m304 [0m6.876 ms - -[0m
[0mGET /stylesheets/vendor/bootstrap.min.css.map [33m404 [0m2.058 ms - 53[0m
[0mPOST /editUser [36m302 [0m9.964 ms - 54[0m
[0mGET /stylesheets/vendor/bootstrap.min.css.map [33m404 [0m2.638 ms - 53[0m
[0mPOST /editUser [36m302 [0m7.989 ms - 54[0m
[0mGET /stylesheets/vendor/bootstrap.min.css.map [33m404 [0m2.352 ms - 53[0m
[0mPOST /editUser [36m302 [0m7.185 ms - 54[0m
[0mGET /stylesheets/vendor/bootstrap.min.css.map [33m404 [0m2.361 ms - 53[0m
[0mGET /editProfile [36m304 [0m9.643 ms - -[0m
[0mGET /stylesheets/vendor/bootstrap.min.css.map [33m404 [0m2.037 ms - 53[0m
[0mPOST /editUser [36m302 [0m8.658 ms - 54[0m
[0mGET /stylesheets/vendor/bootstrap.min.css.map [33m404 [0m2.396 ms - 53[0m
[0mPOST /editUser [36m302 [0m8.727 ms - 54[0m
[0mGET /stylesheets/vendor/bootstrap.min.css.map [33m404 [0m2.601 ms - 53[0m
[0mGET /editProfile [32m200 [0m8.450 ms - 9916[0m
[0mGET /stylesheets/vendor/bootstrap.min.css.map [33m404 [0m1.875 ms - 53[0m
[0mGET /stylesheets/vendor/bootstrap.min.css.map [33m404 [0m2.367 ms - 53[0m
[0mGET /editProfile [36m304 [0m8.043 ms - -[0m
[0mGET /stylesheets/vendor/bootstrap.min.css.map [33m404 [0m2.184 ms - 53[0m
[0mGET /stylesheets/vendor/bootstrap.min.css.map [33m404 [0m2.305 ms - 53[0m
[0mGET /editProfile [32m200 [0m10.467 ms - 9922[0m
[0mGET /stylesheets/vendor/bootstrap.min.css.map [33m404 [0m2.080 ms - 53[0m
[0mGET /stylesheets/vendor/bootstrap.min.css.map [33m404 [0m2.258 ms - 53[0m
[0mGET /stylesheets/vendor/bootstrap.min.css.map [33m404 [0m3.008 ms - 53[0m
[0mGET /editProfile [32m200 [0m11.402 ms - 9921[0m
[0mGET /stylesheets/vendor/bootstrap.min.css.map [33m404 [0m1.914 ms - 53[0m
[0mPOST /editUser [36m302 [0m7.578 ms - 54[0m
[0mGET /stylesheets/vendor/bootstrap.min.css.map [33m404 [0m5.746 ms - 53[0m
[0mGET /editProfile [32m200 [0m8.434 ms - 9926[0m
[0mGET /stylesheets/vendor/bootstrap.min.css.map [33m404 [0m1.969 ms - 53[0m
[0mPOST /editUser [36m302 [0m9.056 ms - 54[0m
[0mGET /stylesheets/vendor/bootstrap.min.css.map [33m404 [0m2.627 ms - 53[0m
[0mGET /editProfile [36m304 [0m7.605 ms - -[0m
[0mGET /stylesheets/vendor/bootstrap.min.css.map [33m404 [0m2.251 ms - 53[0m
[0mPOST /editUser [36m302 [0m6.863 ms - 54[0m
[0mGET /stylesheets/vendor/bootstrap.min.css.map [33m404 [0m4.206 ms - 53[0m
[0mGET /editProfile [32m200 [0m9.189 ms - 9998[0m
[0mGET /stylesheets/vendor/bootstrap.min.css.map [33m404 [0m3.414 ms - 53[0m
[0mPOST /editUser [36m302 [0m7.015 ms - 54[0m
[0mGET /stylesheets/vendor/bootstrap.min.css.map [33m404 [0m6.666 ms - 53[0m
[0mGET /editProfile [36m304 [0m8.036 ms - -[0m
[0mGET /stylesheets/vendor/bootstrap.min.css.map [33m404 [0m1.957 ms - 53[0m
[0mPOST /editUser [36m302 [0m8.778 ms - 54[0m
[0mGET /stylesheets/vendor/bootstrap.min.css.map [33m404 [0m2.450 ms - 53[0m
[0mGET /editProfile [36m304 [0m8.738 ms - -[0m
[0mGET /stylesheets/vendor/bootstrap.min.css.map [33m404 [0m2.486 ms - 53[0m
[0mPOST /editUser [36m302 [0m7.270 ms - 54[0m
[0mGET /stylesheets/vendor/bootstrap.min.css.map [33m404 [0m4.253 ms - 53[0m
[0mGET /editProfile [36m304 [0m9.583 ms - -[0m
[0mGET /stylesheets/vendor/bootstrap.min.css.map [33m404 [0m2.270 ms - 53[0m
[0mPOST /editUser [36m302 [0m12.877 ms - 54[0m
Listening on port 3000
[0mGET /stylesheets/vendor/bootstrap.min.css.map [33m404 [0m29.771 ms - 53[0m
Listening on port 3000
[0mGET / [32m200 [0m50.871 ms - 7255[0m
[0mGET /stylesheets/vendor/bootstrap.min.css.map [33m404 [0m9.064 ms - 53[0m
[0mGET /events.xml [33m404 [0m3.222 ms - 23[0m
[0mGET /login [32m200 [0m6.559 ms - 1597[0m
[0mPOST /login [36m302 [0m399.740 ms - 52[0m
no current applications
[0mGET /home [32m200 [0m59.956 ms - 68773[0m
[0mGET /stylesheets/vendor/bootstrap.min.css.map [33m404 [0m5.422 ms - 53[0m
[0mGET /events.xml [33m404 [0m3.621 ms - 23[0m
[0mGET /editProfile [32m200 [0m25.137 ms - 9986[0m
[0mGET /stylesheets/vendor/bootstrap.min.css.map [33m404 [0m3.325 ms - 53[0m
this is where home was for edituser
Listening on port 3000
[0mGET / [36m304 [0m49.361 ms - -[0m
[0mGET / [36m304 [0m9.232 ms - -[0m
[0mGET /stylesheets/vendor/bootstrap.min.css.map [33m404 [0m13.275 ms - 53[0m
[0mGET /events.xml [33m404 [0m2.167 ms - 23[0m
[0mGET /login [32m200 [0m7.947 ms - 1597[0m
[0mPOST /login [36m302 [0m364.721 ms - 52[0m
no current applications
[0mGET /home [32m200 [0m33.623 ms - 68782[0m
[0mGET /stylesheets/vendor/bootstrap.min.css.map [33m404 [0m4.593 ms - 53[0m
[0mGET /events.xml [33m404 [0m5.953 ms - 23[0m
[0mGET /editProfile [32m200 [0m21.796 ms - 9995[0m
[0mGET /stylesheets/vendor/bootstrap.min.css.map [33m404 [0m3.441 ms - 53[0m
[0mPOST /editUser [36m302 [0m22.976 ms - 52[0m
no current applications
[0mGET /home [32m200 [0m55.355 ms - 68793[0m
[0mGET /stylesheets/vendor/bootstrap.min.css.map [33m404 [0m4.134 ms - 53[0m
[0mGET /events.xml [33m404 [0m3.112 ms - 23[0m
Listening on port 3000
Listening on port 3000
[0mGET / [36m304 [0m46.936 ms - -[0m
[0mGET / [36m304 [0m8.443 ms - -[0m
[0mGET /stylesheets/vendor/bootstrap.min.css.map [33m404 [0m6.531 ms - 53[0m
[0mGET /events.xml [33m404 [0m2.147 ms - 23[0m
[0mGET /login [32m200 [0m5.596 ms - 1597[0m
[0mPOST /login [36m302 [0m400.284 ms - 52[0m
no current applications
[0mGET /home [36m304 [0m71.269 ms - -[0m
[0mGET /stylesheets/vendor/bootstrap.min.css.map [33m404 [0m4.988 ms - 53[0m
[0mGET /events.xml [33m404 [0m5.928 ms - 23[0m
[0mGET /editProfile [32m200 [0m22.060 ms - 9934[0m
[0mGET /stylesheets/vendor/bootstrap.min.css.map [33m404 [0m4.225 ms - 53[0m
[0mPOST /editUser [36m302 [0m22.452 ms - 52[0m
no current applications
[0mGET /home [32m200 [0m54.730 ms - 68809[0m
[0mGET /stylesheets/vendor/bootstrap.min.css.map [33m404 [0m2.891 ms - 53[0m
[0mGET /events.xml [33m404 [0m3.367 ms - 23[0m
[0mGET /editProfile [32m200 [0m19.983 ms - 9966[0m
[0mGET /stylesheets/vendor/bootstrap.min.css.map [33m404 [0m4.451 ms - 53[0m
[0mPOST /editUser [36m302 [0m13.375 ms - 52[0m
no current applications
[0mGET /home [32m200 [0m41.168 ms - 68793[0m
[0mGET /stylesheets/vendor/bootstrap.min.css.map [33m404 [0m2.768 ms - 53[0m
[0mGET /events.xml [33m404 [0m3.349 ms - 23[0m
[0mGET /manager/ [33m404 [0m3.183 ms - 21[0m
[0mGET /stylesheets/vendor/bootstrap.min.css.map [33m404 [0m3.253 ms - 53[0m
[0mGET /manager [33m404 [0m5.338 ms - 20[0m
[]
[0mGET /managers/ [32m200 [0m24.760 ms - 22150[0m
[0mGET /managers/stylesheets/vendor/foundation.min.css [33m404 [0m3.021 ms - 59[0m
[0mGET /managers/stylesheets/managers.css [33m404 [0m2.963 ms - 46[0m
[0mGET /managers/stylesheets/vendor/motion-ui.css [33m404 [0m3.161 ms - 54[0m
[0mGET /managers/stylesheets/monthly.css [33m404 [0m3.627 ms - 45[0m
[0mGET /managers/stylesheets/foundation-icons/foundation-icons.css [33m404 [0m4.304 ms - 71[0m
[0mGET /managers/images/logo-black.png [33m404 [0m2.501 ms - 43[0m
[]
[0mGET /managers/ [32m200 [0m16.155 ms - 22142[0m
[0mGET /managers/stylesheets/vendor/foundation.min.css [33m404 [0m5.231 ms - 59[0m
[0mGET /managers/stylesheets/vendor/motion-ui.css [33m404 [0m9.912 ms - 54[0m
[0mGET /managers/stylesheets/foundation-icons/foundation-icons.css [33m404 [0m3.686 ms - 71[0m
[0mGET /managers/stylesheets/managers.css [33m404 [0m2.170 ms - 46[0m
[0mGET /managers/stylesheets/monthly.css [33m404 [0m2.397 ms - 45[0m
[0mGET /managers/javascripts/vendor/modernizr.js [33m404 [0m4.058 ms - 53[0m
[0mGET /managers/javascripts/vendor/jquery.js [33m404 [0m4.218 ms - 50[0m
[0mGET /managers/javascripts/vendor/what-input.js [33m404 [0m2.279 ms - 54[0m
[0mGET /managers/javascripts/vendor/foundation.magellan.js [33m404 [0m2.220 ms - 63[0m
[0mGET /managers/javascripts/monthly.js [33m404 [0m1.884 ms - 44[0m
[0mGET /managers/javascripts/vendor/motion-ui.js [33m404 [0m1.967 ms - 53[0m
[0mGET /managers/javascripts/vendor/foundation.min.js [33m404 [0m4.041 ms - 58[0m
[0mGET /managers/javascripts/my_calendar.js [33m404 [0m2.660 ms - 48[0m
[0mGET /managers/images/logo-black.png [33m404 [0m1.969 ms - 43[0m
[0mGET /managers/javascripts/vendor/foundation.min.js [33m404 [0m2.416 ms - 58[0m
[0mGET /managers/javascripts/vendor/motion-ui.js [33m404 [0m2.619 ms - 53[0m
[0mGET /managers/javascripts/vendor/foundation.magellan.js [33m404 [0m1.821 ms - 63[0m
[0mGET /managers/javascripts/monthly.js [33m404 [0m1.866 ms - 44[0m
[0mGET /managers/javascripts/my_calendar.js [33m404 [0m2.179 ms - 48[0m
[]
[0mGET /managers/ [36m304 [0m24.358 ms - -[0m
[0mGET /managers/stylesheets/vendor/foundation.min.css [33m404 [0m3.143 ms - 59[0m
[0mGET /managers/stylesheets/vendor/motion-ui.css [33m404 [0m2.523 ms - 54[0m
[0mGET /managers/stylesheets/foundation-icons/foundation-icons.css [33m404 [0m7.625 ms - 71[0m
[0mGET /managers/stylesheets/monthly.css [33m404 [0m7.468 ms - 45[0m
[0mGET /managers/stylesheets/managers.css [33m404 [0m9.241 ms - 46[0m
[0mGET /managers/javascripts/vendor/modernizr.js [33m404 [0m2.334 ms - 53[0m
[0mGET /managers/javascripts/vendor/foundation.magellan.js [33m404 [0m2.301 ms - 63[0m
[0mGET /managers/javascripts/vendor/what-input.js [33m404 [0m4.470 ms - 54[0m
[0mGET /managers/javascripts/vendor/foundation.min.js [33m404 [0m6.127 ms - 58[0m
[0mGET /managers/javascripts/vendor/motion-ui.js [33m404 [0m7.484 ms - 53[0m
[0mGET /managers/javascripts/monthly.js [33m404 [0m2.577 ms - 44[0m
[0mGET /managers/javascripts/vendor/jquery.js [33m404 [0m2.056 ms - 50[0m
[0mGET /managers/images/logo-black.png [33m404 [0m3.023 ms - 43[0m
[0mGET /managers/javascripts/my_calendar.js [33m404 [0m8.488 ms - 48[0m
[0mGET /managers/javascripts/vendor/what-input.js [33m404 [0m5.064 ms - 54[0m
[0mGET /managers/javascripts/vendor/foundation.min.js [33m404 [0m3.968 ms - 58[0m
[0mGET /managers/javascripts/vendor/motion-ui.js [33m404 [0m2.304 ms - 53[0m
[0mGET /managers/javascripts/vendor/foundation.magellan.js [33m404 [0m2.316 ms - 63[0m
[0mGET /managers/javascripts/monthly.js [33m404 [0m2.303 ms - 44[0m
[0mGET /managers/javascripts/my_calendar.js [33m404 [0m2.278 ms - 48[0m
[]
[0mGET /managers/ [36m304 [0m17.999 ms - -[0m
[0mGET /managers/javascripts/vendor/modernizr.js [33m404 [0m3.836 ms - 53[0m
[0mGET /managers/javascripts/vendor/jquery.js [33m404 [0m2.371 ms - 50[0m
[0mGET /managers/javascripts/vendor/motion-ui.js [33m404 [0m2.094 ms - 53[0m
[0mGET /managers/javascripts/monthly.js [33m404 [0m6.983 ms - 44[0m
[0mGET /managers/javascripts/my_calendar.js [33m404 [0m8.003 ms - 48[0m
[0mGET /managers/javascripts/vendor/what-input.js [33m404 [0m2.062 ms - 54[0m
[0mGET /managers/javascripts/vendor/foundation.min.js [33m404 [0m4.419 ms - 58[0m
[0mGET /managers/javascripts/vendor/foundation.magellan.js [33m404 [0m5.321 ms - 63[0m
[0mGET /managers/images/logo-black.png [33m404 [0m2.267 ms - 43[0m
[0mGET /managers/javascripts/vendor/jquery.js [33m404 [0m3.362 ms - 50[0m
[0mGET /managers/javascripts/vendor/what-input.js [33m404 [0m2.181 ms - 54[0m
[0mGET /managers/javascripts/vendor/foundation.min.js [33m404 [0m2.863 ms - 58[0m
[0mGET /managers/javascripts/vendor/motion-ui.js [33m404 [0m2.244 ms - 53[0m
[0mGET /managers/javascripts/vendor/foundation.magellan.js [33m404 [0m2.763 ms - 63[0m
[0mGET /managers/javascripts/monthly.js [33m404 [0m2.620 ms - 44[0m
[0mGET /managers/javascripts/my_calendar.js [33m404 [0m3.069 ms - 48[0m
[]
[0mGET /managers/ [36m304 [0m18.409 ms - -[0m
[0mGET /managers/javascripts/vendor/foundation.magellan.js [33m404 [0m2.507 ms - 63[0m
[0mGET /managers/javascripts/vendor/foundation.magellan.js [33m404 [0m3.049 ms - 63[0m
[0mGET /managers/events.xml [33m404 [0m4.475 ms - 32[0m
[]
[0mGET /managers/ [32m200 [0m19.879 ms - 22071[0m
[0mGET /managers/events.xml [33m404 [0m3.193 ms - 32[0m
[]
[0mGET /managers/ [32m200 [0m22.215 ms - 22070[0m
[0mGET /managers/events.xml [33m404 [0m2.659 ms - 32[0m
[0mPOST /managers/myProjects [33m404 [0m16.868 ms - 33[0m
[]
[0mGET /managers/ [36m304 [0m18.409 ms - -[0m
[0mGET /managers/events.xml [33m404 [0m2.992 ms - 32[0m
[0mPOST /managers/myProjects [33m404 [0m5.151 ms - 33[0m
[0mGET / [36m304 [0m6.253 ms - -[0m
[0mGET /events.xml [33m404 [0m2.779 ms - 23[0m
[0mGET / [36m304 [0m4.839 ms - -[0m
[0mGET / [36m304 [0m3.941 ms - -[0m
[0mGET /stylesheets/vendor/bootstrap.min.css.map [33m404 [0m2.899 ms - 53[0m
[0mGET /events.xml [33m404 [0m2.656 ms - 23[0m
[0mGET /login [32m200 [0m6.549 ms - 1597[0m
[0mPOST /login [36m302 [0m321.008 ms - 52[0m
no current applications
[0mGET /home [36m304 [0m49.072 ms - -[0m
[0mGET /stylesheets/vendor/bootstrap.min.css.map [33m404 [0m3.665 ms - 53[0m
[0mGET /events.xml [33m404 [0m2.437 ms - 23[0m
[0mGET /stylesheets/vendor/bootstrap.min.css.map [33m404 [0m3.231 ms - 53[0m
no current applications
[0mGET /home [32m200 [0m47.223 ms - 69221[0m
[0mGET /stylesheets/vendor/bootstrap.min.css.map [33m404 [0m2.466 ms - 53[0m
[0mGET /events.xml [33m404 [0m2.402 ms - 23[0m
{ id_fk: 3,
  idProject_fk: 'P-0002',
  project: 'Mobile App Development',
  nameUser: 'Alan Ennen',
  email: 'alan',
  visaStat: 'N',
  major: '',
  resume: null,
  userSkills: 'Development IDE | C/C++ | Java | HTML5 | CSS3' }
record successfully added!
[0mPOST /myFolder [36m302 [0m78.986 ms - 60[0m
Listening on port 3000
[0mGET / [36m304 [0m51.189 ms - -[0m
[0mGET /stylesheets/vendor/bootstrap.min.css.map [33m404 [0m9.410 ms - 53[0m
[0mGET /events.xml [33m404 [0m3.143 ms - 23[0m
[0mGET /login [32m200 [0m6.979 ms - 1597[0m
[0mPOST /login [36m302 [0m357.709 ms - 52[0m
[0mGET /home [32m200 [0m74.078 ms - 79683[0m
[0mGET /stylesheets/vendor/bootstrap.min.css.map [33m404 [0m5.067 ms - 53[0m
[0mGET /events.xml [33m404 [0m3.961 ms - 23[0m
Listening on port 3000
[0mGET / [36m304 [0m51.893 ms - -[0m
[0mGET /stylesheets/vendor/bootstrap.min.css.map [33m404 [0m9.497 ms - 53[0m
[0mGET /events.xml [33m404 [0m3.093 ms - 23[0m
[0mGET /login [32m200 [0m6.734 ms - 1597[0m
[0mPOST /login [36m302 [0m457.879 ms - 52[0m
[0mGET /home [36m304 [0m75.251 ms - -[0m
[0mGET /stylesheets/vendor/bootstrap.min.css.map [33m404 [0m6.108 ms - 53[0m
[0mGET /events.xml [33m404 [0m3.065 ms - 23[0m
[0mGET /stylesheets/vendor/bootstrap.min.css.map [33m404 [0m4.348 ms - 53[0m
Listening on port 3000
[0mGET / [36m304 [0m53.042 ms - -[0m
[0mGET / [36m304 [0m8.683 ms - -[0m
[0mGET /stylesheets/vendor/bootstrap.min.css.map [33m404 [0m8.010 ms - 53[0m
[0mGET /events.xml [33m404 [0m3.375 ms - 23[0m
[0mGET /login [32m200 [0m5.264 ms - 1597[0m
[0mPOST /login [36m302 [0m413.659 ms - 52[0m
[0mGET /home [32m200 [0m63.978 ms - 79658[0m
[0mGET /stylesheets/vendor/bootstrap.min.css.map [33m404 [0m5.546 ms - 53[0m
[0mGET /events.xml [33m404 [0m4.009 ms - 23[0m
[0mGET /stylesheets/vendor/bootstrap.min.css.map [33m404 [0m3.274 ms - 53[0m
[0mGET /login [32m200 [0m5.124 ms - 1597[0m
[0mPOST /login [36m302 [0m372.928 ms - 52[0m
[0mGET /home [36m304 [0m59.575 ms - -[0m
[0mGET /stylesheets/vendor/bootstrap.min.css.map [33m404 [0m4.239 ms - 53[0m
[0mGET /events.xml [33m404 [0m3.815 ms - 23[0m
[0mGET /stylesheets/vendor/bootstrap.min.css.map [33m404 [0m4.411 ms - 53[0m
[0mGET /stylesheets/vendor/bootstrap.min.css.map [33m404 [0m2.993 ms - 53[0m
[0mGET /stylesheets/vendor/bootstrap.min.css.map [33m404 [0m3.077 ms - 53[0m
[0mGET /home [32m200 [0m52.037 ms - 79657[0m
[0mGET /stylesheets/vendor/bootstrap.min.css.map [33m404 [0m4.976 ms - 53[0m
[0mGET /events.xml [33m404 [0m3.208 ms - 23[0m
Project Name: Mobile App Development
Skill level at Development IDE is 0
Skill level at C/C++ is 0
Skill level at Java is 0
Skill level at HTML5 is 0
Skill level at CSS3 is 0
{ proficiency: '0,0,0,0,0' }
[0mPOST /submitApp [36m302 [0m73.295 ms - 52[0m
projRef record sucessfully updated!
no current applications
[0mGET /home [32m200 [0m45.800 ms - 69196[0m
[0mGET /stylesheets/vendor/bootstrap.min.css.map [33m404 [0m3.641 ms - 53[0m
[0mGET /events.xml [33m404 [0m2.809 ms - 23[0m
[0mGET / [36m304 [0m9.092 ms - -[0m
[0mGET / [36m304 [0m5.365 ms - -[0m
[0mGET /stylesheets/vendor/bootstrap.min.css.map [33m404 [0m3.088 ms - 53[0m
[0mGET /events.xml [33m404 [0m3.993 ms - 23[0m
[0mGET /login [32m200 [0m4.297 ms - 1597[0m
[0mPOST /login [36m302 [0m371.065 ms - 52[0m
no current applications
[0mGET /home [36m304 [0m52.942 ms - -[0m
[0mGET /stylesheets/vendor/bootstrap.min.css.map [33m404 [0m5.737 ms - 53[0m
[0mGET /events.xml [33m404 [0m3.273 ms - 23[0m
{ id_fk: 3,
  idProject_fk: 'P-0002',
  project: 'Mobile App Development',
  nameUser: 'Alan Ennen',
  email: 'alan',
  visaStat: 'N',
  major: '',
  resume: null,
  userSkills: 'Development IDE | C/C++ | Java | HTML5 | CSS3' }
record successfully added!
[0mPOST /myFolder [36m302 [0m31.455 ms - 58[0m
[0mGET /home [32m200 [0m36.829 ms - 79657[0m
[0mGET /stylesheets/vendor/bootstrap.min.css.map [33m404 [0m4.840 ms - 53[0m
[0mGET /events.xml [33m404 [0m4.616 ms - 23[0m
Project Name: Mobile App Development
Skill level at Development IDE is 50
Skill level at C/C++ is 100
Skill level at Java is 40
Skill level at HTML5 is 40
Skill level at CSS3 is 20
{ proficiency: '50,100,40,40,20' }
[0mPOST /submitApp [36m302 [0m7.212 ms - 52[0m
projRef record sucessfully updated!
no current applications
[0mGET /home [32m200 [0m30.959 ms - 69196[0m
[0mGET /stylesheets/vendor/bootstrap.min.css.map [33m404 [0m2.624 ms - 53[0m
[0mGET /events.xml [33m404 [0m2.402 ms - 23[0m
Listening on port 3000
[0mGET / [36m304 [0m52.271 ms - -[0m
[0mGET / [36m304 [0m8.338 ms - -[0m
[0mGET /stylesheets/vendor/bootstrap.min.css.map [33m404 [0m3.414 ms - 53[0m
[0mGET /events.xml [33m404 [0m2.950 ms - 23[0m
[0mGET /login [32m200 [0m4.752 ms - 1597[0m
[0mPOST /login [36m302 [0m401.363 ms - 52[0m
no current applications
[0mGET /home [32m200 [0m49.318 ms - 69157[0m
[0mGET /stylesheets/vendor/bootstrap.min.css.map [33m404 [0m5.374 ms - 53[0m
[0mGET /events.xml [33m404 [0m3.335 ms - 23[0m
[0mGET / [36m304 [0m5.686 ms - -[0m
[0mGET / [36m304 [0m5.329 ms - -[0m
[0mGET /stylesheets/vendor/bootstrap.min.css.map [33m404 [0m5.133 ms - 53[0m
[0mGET /events.xml [33m404 [0m3.625 ms - 23[0m
[0mGET /login [32m200 [0m7.891 ms - 1597[0m
[0mPOST /login [36m302 [0m439.643 ms - 52[0m
no current applications
[0mGET /home [36m304 [0m58.214 ms - -[0m
[0mGET /stylesheets/vendor/bootstrap.min.css.map [33m404 [0m5.093 ms - 53[0m
[0mGET /events.xml [33m404 [0m3.233 ms - 23[0m
{ id_fk: 3,
  idProject_fk: 'P-0002',
  project: 'Mobile App Development',
  nameUser: 'Alan Ennen',
  email: 'alan',
  visaStat: 'N',
  major: '',
  resume: null,
  userSkills: 'Development IDE | C/C++ | Java | HTML5 | CSS3' }
record successfully added!
[0mPOST /myFolder [36m302 [0m67.561 ms - 58[0m
[0mGET /home [32m200 [0m47.360 ms - 79618[0m
[0mGET /stylesheets/vendor/bootstrap.min.css.map [33m404 [0m4.173 ms - 53[0m
[0mGET /events.xml [33m404 [0m3.537 ms - 23[0m
Project Name: Mobile App Development
Skill level at Development IDE is 30
Skill level at C/C++ is 100
Skill level at Java is 30
Skill level at HTML5 is 30
Skill level at CSS3 is 10
{ proficiency: '30,100,30,30,10' }
[0mPOST /submitApp [36m302 [0m8.690 ms - 52[0m
projRef record sucessfully updated!
no current applications
[0mGET /home [32m200 [0m49.074 ms - 69157[0m
[0mGET /stylesheets/vendor/bootstrap.min.css.map [33m404 [0m3.783 ms - 53[0m
[0mGET /events.xml [33m404 [0m2.759 ms - 23[0m
{ id_fk: 3,
  idProject_fk: 'P-0002',
  project: 'Mobile App Development',
  nameUser: 'Alan Ennen',
  email: 'alan',
  visaStat: 'N',
  major: '',
  resume: null,
  userSkills: 'Development IDE | C/C++ | Java | HTML5 | CSS3' }
record successfully added!
[0mPOST /myFolder [36m302 [0m16.250 ms - 58[0m
[0mGET /home [32m200 [0m40.452 ms - 79618[0m
[0mGET /stylesheets/vendor/bootstrap.min.css.map [33m404 [0m5.547 ms - 53[0m
[0mGET /events.xml [33m404 [0m2.760 ms - 23[0m
Listening on port 3000
[0mGET / [32m200 [0m46.063 ms - 7255[0m
[0mGET / [36m304 [0m7.808 ms - -[0m
[0mGET /stylesheets/vendor/bootstrap.min.css.map [33m404 [0m6.278 ms - 53[0m
[0mGET /events.xml [33m404 [0m2.764 ms - 23[0m
[0mGET /login [32m200 [0m5.191 ms - 1597[0m
[0mPOST /login [36m302 [0m369.942 ms - 52[0m
[0mGET /home [36m304 [0m34.046 ms - -[0m
[0mGET /stylesheets/vendor/bootstrap.min.css.map [33m404 [0m4.549 ms - 53[0m
[0mGET /events.xml [33m404 [0m3.744 ms - 23[0m
Project Name: Mobile App Development
Skill level at Development IDE is 30
Skill level at C/C++ is 100
Skill level at Java is 20
Skill level at HTML5 is 20
Skill level at CSS3 is 20
{ proficiency: '30,100,20,20,20' }
[0mPOST /submitApp [36m302 [0m53.206 ms - 52[0m
projRef record sucessfully updated!
no current applications
[0mGET /home [32m200 [0m59.336 ms - 69157[0m
[0mGET /stylesheets/vendor/bootstrap.min.css.map [33m404 [0m2.863 ms - 53[0m
[0mGET /events.xml [33m404 [0m4.987 ms - 23[0m
{ id_fk: 3,
  idProject_fk: 'P-0003',
  project: 'Operations Dashboard',
  nameUser: 'Alan Ennen',
  email: 'alan',
  visaStat: 'N',
  major: '',
  resume: null,
  userSkills: 'Mobile App Development | HTML5 | CSS3 | Java | SQL' }
record successfully added!
[0mPOST /myFolder [36m302 [0m21.901 ms - 58[0m
[0mGET /home [32m200 [0m43.499 ms - 79614[0m
[0mGET /stylesheets/vendor/bootstrap.min.css.map [33m404 [0m2.938 ms - 53[0m
[0mGET /events.xml [33m404 [0m2.910 ms - 23[0m
Project Name: Operations Dashboard
Skill level at Mobile App Development is 30
Skill level at HTML5 is 0
Skill level at CSS3 is 40
Skill level at Java is 0
Skill level at SQL is 100
{ proficiency: '30,0,40,0,100' }
[0mPOST /submitApp [36m302 [0m5.759 ms - 52[0m
projRef record sucessfully updated!
no current applications
[0mGET /home [32m200 [0m47.347 ms - 69157[0m
[0mGET /stylesheets/vendor/bootstrap.min.css.map [33m404 [0m3.563 ms - 53[0m
[0mGET /events.xml [33m404 [0m1.996 ms - 23[0m
[0mGET / [36m304 [0m7.436 ms - -[0m
[0mGET /events.xml [33m404 [0m2.771 ms - 23[0m
[ RowDataPacket {
    id_fk: 3,
    idProject_fk: 'P-0002',
    project: 'Mobile App Development',
    nameUser: 'Alan Ennen',
    email: 'alan',
    major: '',
    userSkills: 'Development IDE | C/C++ | Java | HTML5 | CSS3',
    proficiency: '30,100,20,20,20',
    visaStat: 'N',
    resume: null,
    appDate: Thu Jan 12 2017 16:49:51 GMT-0600 (CST) },
  RowDataPacket {
    id_fk: 3,
    idProject_fk: 'P-0002',
    project: 'Mobile App Development',
    nameUser: 'Alan Ennen',
    email: 'alan',
    major: '',
    userSkills: 'Development IDE | C/C++ | Java | HTML5 | CSS3',
    proficiency: '30,100,20,20,20',
    visaStat: 'N',
    resume: null,
    appDate: Fri Jan 13 2017 07:43:57 GMT-0600 (CST) },
  RowDataPacket {
    id_fk: 3,
    idProject_fk: 'P-0002',
    project: 'Mobile App Development',
    nameUser: 'Alan Ennen',
    email: 'alan',
    major: '',
    userSkills: 'Development IDE | C/C++ | Java | HTML5 | CSS3',
    proficiency: '30,100,20,20,20',
    visaStat: 'N',
    resume: null,
    appDate: Fri Jan 13 2017 08:04:55 GMT-0600 (CST) },
  RowDataPacket {
    id_fk: 3,
    idProject_fk: 'P-0002',
    project: 'Mobile App Development',
    nameUser: 'Alan Ennen',
    email: 'alan',
    major: '',
    userSkills: 'Development IDE | C/C++ | Java | HTML5 | CSS3',
    proficiency: '30,100,20,20,20',
    visaStat: 'N',
    resume: null,
    appDate: Fri Jan 13 2017 08:05:40 GMT-0600 (CST) },
  RowDataPacket {
    id_fk: 3,
    idProject_fk: 'P-0003',
    project: 'Operations Dashboard',
    nameUser: 'Alan Ennen',
    email: 'alan',
    major: '',
    userSkills: 'Mobile App Development | HTML5 | CSS3 | Java | SQL',
    proficiency: '30,0,40,0,100',
    visaStat: 'N',
    resume: null,
    appDate: Fri Jan 13 2017 08:35:48 GMT-0600 (CST) } ]
[0mGET /managers/ [36m304 [0m25.207 ms - -[0m
[0mGET /managers/events.xml [33m404 [0m3.725 ms - 32[0m
[0mGET /managers/managers/projView/?jobID=2 [33m404 [0m3.737 ms - 48[0m
[0mGET /managers/managers/projView/?jobID=1 [33m404 [0m4.412 ms - 48[0m
[0mGET /managers/managers/projView/?jobID=1 [33m404 [0m4.172 ms - 48[0m
[0mGET /managers/managers/projView/?jobID=1 [33m404 [0m6.457 ms - 48[0m
Listening on port 3000
[0mGET / [32m200 [0m61.122 ms - 7255[0m
[0mGET /events.xml [33m404 [0m12.056 ms - 23[0m
[0mGET /login [32m200 [0m21.559 ms - 1597[0m
[0mPOST /login [36m302 [0m488.387 ms - 52[0m
no current applications
[0mGET /home [32m200 [0m125.820 ms - 69157[0m
[0mGET /events.xml [33m404 [0m5.129 ms - 23[0m
[0mGET / [32m200 [0m6.183 ms - 7255[0m
[0mGET /events.xml [33m404 [0m2.089 ms - 23[0m
[0mGET /login [32m200 [0m4.072 ms - 1597[0m
[0mPOST /login [36m302 [0m360.914 ms - 52[0m
no current applications
[0mGET /home [32m200 [0m29.914 ms - 69157[0m
[0mGET /events.xml [33m404 [0m4.197 ms - 23[0m
